2019-02-02 17:16:06,274 INFO 63977 [egg-schedule]: register schedule /Users/wscart/Documents/sites/node/keplerApi/node_modules/egg-logrotator/app/schedule/clean_log.js
2019-02-02 17:16:06,274 INFO 63977 [egg-schedule]: register schedule /Users/wscart/Documents/sites/node/keplerApi/node_modules/egg-logrotator/app/schedule/rotate_by_file.js
2019-02-02 17:16:18,925 INFO 63993 [egg-schedule]: register schedule /Users/wscart/Documents/sites/node/keplerApi/node_modules/egg-logrotator/app/schedule/clean_log.js
2019-02-02 17:16:18,925 INFO 63993 [egg-schedule]: register schedule /Users/wscart/Documents/sites/node/keplerApi/node_modules/egg-logrotator/app/schedule/rotate_by_file.js
2019-02-02 17:16:22,396 INFO 64001 [egg-schedule]: register schedule /Users/wscart/Documents/sites/node/keplerApi/node_modules/egg-logrotator/app/schedule/clean_log.js
2019-02-02 17:16:22,396 INFO 64001 [egg-schedule]: register schedule /Users/wscart/Documents/sites/node/keplerApi/node_modules/egg-logrotator/app/schedule/rotate_by_file.js
2019-02-02 17:16:52,367 INFO 64010 [egg-schedule]: register schedule /Users/wscart/Documents/sites/node/keplerApi/node_modules/egg-logrotator/app/schedule/clean_log.js
2019-02-02 17:16:52,367 INFO 64010 [egg-schedule]: register schedule /Users/wscart/Documents/sites/node/keplerApi/node_modules/egg-logrotator/app/schedule/rotate_by_file.js
2019-02-02 17:16:59,499 INFO 64026 [egg-schedule]: register schedule /Users/wscart/Documents/sites/node/keplerApi/node_modules/egg-logrotator/app/schedule/clean_log.js
2019-02-02 17:16:59,499 INFO 64026 [egg-schedule]: register schedule /Users/wscart/Documents/sites/node/keplerApi/node_modules/egg-logrotator/app/schedule/rotate_by_file.js
2019-02-02 17:24:27,138 INFO 64115 [egg-schedule]: register schedule /Users/wscart/Documents/sites/node/keplerApi/node_modules/egg-logrotator/app/schedule/clean_log.js
2019-02-02 17:24:27,138 INFO 64115 [egg-schedule]: register schedule /Users/wscart/Documents/sites/node/keplerApi/node_modules/egg-logrotator/app/schedule/rotate_by_file.js
2019-02-02 17:25:12,747 INFO 64231 [egg-schedule]: register schedule /Users/wscart/Documents/sites/node/keplerApi/node_modules/egg-logrotator/app/schedule/clean_log.js
2019-02-02 17:25:12,747 INFO 64231 [egg-schedule]: register schedule /Users/wscart/Documents/sites/node/keplerApi/node_modules/egg-logrotator/app/schedule/rotate_by_file.js
2019-02-02 17:25:13,453 INFO 64225 [Timer] /Users/wscart/Documents/sites/node/keplerApi/node_modules/egg-logrotator/app/schedule/clean_log.js next time will execute after 23686550ms at 2019-02-03 00:00:00.003
2019-02-02 17:25:13,454 INFO 64225 [Timer] /Users/wscart/Documents/sites/node/keplerApi/node_modules/egg-logrotator/app/schedule/rotate_by_file.js next time will execute after 23687547ms at 2019-02-03 00:00:01.001
2019-02-02 17:29:33,207 INFO 64289 [egg-schedule]: register schedule /Users/wscart/Documents/sites/node/keplerApi/node_modules/egg-logrotator/app/schedule/clean_log.js
2019-02-02 17:29:33,207 INFO 64289 [egg-schedule]: register schedule /Users/wscart/Documents/sites/node/keplerApi/node_modules/egg-logrotator/app/schedule/rotate_by_file.js
2019-02-02 17:29:36,792 INFO 64297 [egg-schedule]: register schedule /Users/wscart/Documents/sites/node/keplerApi/node_modules/egg-logrotator/app/schedule/clean_log.js
2019-02-02 17:29:36,792 INFO 64297 [egg-schedule]: register schedule /Users/wscart/Documents/sites/node/keplerApi/node_modules/egg-logrotator/app/schedule/rotate_by_file.js
2019-02-02 17:29:49,627 INFO 64319 [egg-schedule]: register schedule /Users/wscart/Documents/sites/node/keplerApi/node_modules/egg-logrotator/app/schedule/clean_log.js
2019-02-02 17:29:49,627 INFO 64319 [egg-schedule]: register schedule /Users/wscart/Documents/sites/node/keplerApi/node_modules/egg-logrotator/app/schedule/rotate_by_file.js
2019-02-02 17:29:54,222 INFO 64328 [egg-schedule]: register schedule /Users/wscart/Documents/sites/node/keplerApi/node_modules/egg-logrotator/app/schedule/clean_log.js
2019-02-02 17:29:54,222 INFO 64328 [egg-schedule]: register schedule /Users/wscart/Documents/sites/node/keplerApi/node_modules/egg-logrotator/app/schedule/rotate_by_file.js
2019-02-02 17:30:04,465 INFO 64345 [egg-schedule]: register schedule /Users/wscart/Documents/sites/node/keplerApi/node_modules/egg-logrotator/app/schedule/clean_log.js
2019-02-02 17:30:04,465 INFO 64345 [egg-schedule]: register schedule /Users/wscart/Documents/sites/node/keplerApi/node_modules/egg-logrotator/app/schedule/rotate_by_file.js
2019-02-02 17:30:14,083 INFO 64430 [egg-schedule]: register schedule /Users/wscart/Documents/sites/node/keplerApi/node_modules/egg-logrotator/app/schedule/clean_log.js
2019-02-02 17:30:14,083 INFO 64430 [egg-schedule]: register schedule /Users/wscart/Documents/sites/node/keplerApi/node_modules/egg-logrotator/app/schedule/rotate_by_file.js
2019-02-02 17:30:14,764 INFO 64425 [Timer] /Users/wscart/Documents/sites/node/keplerApi/node_modules/egg-logrotator/app/schedule/clean_log.js next time will execute after 23385238ms at 2019-02-03 00:00:00.002
2019-02-02 17:30:14,765 INFO 64425 [Timer] /Users/wscart/Documents/sites/node/keplerApi/node_modules/egg-logrotator/app/schedule/rotate_by_file.js next time will execute after 23386236ms at 2019-02-03 00:00:01.001
2019-02-02 17:34:26,227 INFO 64469 [egg-schedule]: register schedule /Users/wscart/Documents/sites/node/keplerApi/node_modules/egg-logrotator/app/schedule/clean_log.js
2019-02-02 17:34:26,227 INFO 64469 [egg-schedule]: register schedule /Users/wscart/Documents/sites/node/keplerApi/node_modules/egg-logrotator/app/schedule/rotate_by_file.js
2019-02-02 17:34:27,859 INFO 64478 [egg-schedule]: register schedule /Users/wscart/Documents/sites/node/keplerApi/node_modules/egg-logrotator/app/schedule/clean_log.js
2019-02-02 17:34:27,859 INFO 64478 [egg-schedule]: register schedule /Users/wscart/Documents/sites/node/keplerApi/node_modules/egg-logrotator/app/schedule/rotate_by_file.js
2019-02-02 17:35:28,637 INFO 65225 [Timer] /Users/wscart/Documents/sites/node/keplerApi/node_modules/egg-logrotator/app/schedule/clean_log.js next time will execute after 23071366ms at 2019-02-03 00:00:00.003
2019-02-02 17:35:28,637 INFO 65225 [Timer] /Users/wscart/Documents/sites/node/keplerApi/node_modules/egg-logrotator/app/schedule/rotate_by_file.js next time will execute after 23072363ms at 2019-02-03 00:00:01.000
2019-02-02 17:35:27,815 INFO 65237 [egg-schedule]: register schedule /Users/wscart/Documents/sites/node/keplerApi/node_modules/egg-logrotator/app/schedule/clean_log.js
2019-02-02 17:35:27,816 INFO 65237 [egg-schedule]: register schedule /Users/wscart/Documents/sites/node/keplerApi/node_modules/egg-logrotator/app/schedule/rotate_by_file.js
2019-02-02 17:41:52,210 INFO 65270 [egg-schedule]: register schedule /Users/wscart/Documents/sites/node/keplerApi/node_modules/egg-logrotator/app/schedule/clean_log.js
2019-02-02 17:41:52,210 INFO 65270 [egg-schedule]: register schedule /Users/wscart/Documents/sites/node/keplerApi/node_modules/egg-logrotator/app/schedule/rotate_by_file.js
2019-02-02 17:41:55,864 INFO 65279 [egg-schedule]: register schedule /Users/wscart/Documents/sites/node/keplerApi/node_modules/egg-logrotator/app/schedule/clean_log.js
2019-02-02 17:41:55,864 INFO 65279 [egg-schedule]: register schedule /Users/wscart/Documents/sites/node/keplerApi/node_modules/egg-logrotator/app/schedule/rotate_by_file.js
2019-02-02 17:42:20,485 INFO 65404 [egg-schedule]: register schedule /Users/wscart/Documents/sites/node/keplerApi/node_modules/egg-logrotator/app/schedule/clean_log.js
2019-02-02 17:42:20,485 INFO 65404 [egg-schedule]: register schedule /Users/wscart/Documents/sites/node/keplerApi/node_modules/egg-logrotator/app/schedule/rotate_by_file.js
2019-02-02 17:42:21,304 INFO 65399 [Timer] /Users/wscart/Documents/sites/node/keplerApi/node_modules/egg-logrotator/app/schedule/clean_log.js next time will execute after 22658699ms at 2019-02-03 00:00:00.003
2019-02-02 17:42:21,305 INFO 65399 [Timer] /Users/wscart/Documents/sites/node/keplerApi/node_modules/egg-logrotator/app/schedule/rotate_by_file.js next time will execute after 22659695ms at 2019-02-03 00:00:01.000
2019-02-02 17:42:39,861 INFO 65422 [egg-schedule]: register schedule /Users/wscart/Documents/sites/node/keplerApi/node_modules/egg-logrotator/app/schedule/clean_log.js
2019-02-02 17:42:39,861 INFO 65422 [egg-schedule]: register schedule /Users/wscart/Documents/sites/node/keplerApi/node_modules/egg-logrotator/app/schedule/rotate_by_file.js
2019-02-02 17:42:43,429 INFO 65430 [egg-schedule]: register schedule /Users/wscart/Documents/sites/node/keplerApi/node_modules/egg-logrotator/app/schedule/clean_log.js
2019-02-02 17:42:43,429 INFO 65430 [egg-schedule]: register schedule /Users/wscart/Documents/sites/node/keplerApi/node_modules/egg-logrotator/app/schedule/rotate_by_file.js
2019-02-02 17:43:13,165 INFO 65530 [egg-schedule]: register schedule /Users/wscart/Documents/sites/node/keplerApi/node_modules/egg-logrotator/app/schedule/clean_log.js
2019-02-02 17:43:13,165 INFO 65530 [egg-schedule]: register schedule /Users/wscart/Documents/sites/node/keplerApi/node_modules/egg-logrotator/app/schedule/rotate_by_file.js
2019-02-02 17:43:13,882 INFO 65518 [Timer] /Users/wscart/Documents/sites/node/keplerApi/node_modules/egg-logrotator/app/schedule/clean_log.js next time will execute after 22606120ms at 2019-02-03 00:00:00.002
2019-02-02 17:43:13,882 INFO 65518 [Timer] /Users/wscart/Documents/sites/node/keplerApi/node_modules/egg-logrotator/app/schedule/rotate_by_file.js next time will execute after 22607118ms at 2019-02-03 00:00:01.000
2019-02-02 17:44:21,476 INFO 65575 [egg-schedule]: register schedule /Users/wscart/Documents/sites/node/keplerApi/node_modules/egg-logrotator/app/schedule/clean_log.js
2019-02-02 17:44:21,476 INFO 65575 [egg-schedule]: register schedule /Users/wscart/Documents/sites/node/keplerApi/node_modules/egg-logrotator/app/schedule/rotate_by_file.js
2019-02-02 17:44:22,367 INFO 65570 [Timer] /Users/wscart/Documents/sites/node/keplerApi/node_modules/egg-logrotator/app/schedule/clean_log.js next time will execute after 22537636ms at 2019-02-03 00:00:00.003
2019-02-02 17:44:22,367 INFO 65570 [Timer] /Users/wscart/Documents/sites/node/keplerApi/node_modules/egg-logrotator/app/schedule/rotate_by_file.js next time will execute after 22538633ms at 2019-02-03 00:00:01.000
2019-02-02 17:44:22,841 INFO 65585 [egg-schedule]: register schedule /Users/wscart/Documents/sites/node/keplerApi/node_modules/egg-logrotator/app/schedule/clean_log.js
2019-02-02 17:44:22,841 INFO 65585 [egg-schedule]: register schedule /Users/wscart/Documents/sites/node/keplerApi/node_modules/egg-logrotator/app/schedule/rotate_by_file.js
2019-02-02 17:44:47,159 INFO 65597 [egg-schedule]: register schedule /Users/wscart/Documents/sites/node/keplerApi/node_modules/egg-logrotator/app/schedule/clean_log.js
2019-02-02 17:44:47,159 INFO 65597 [egg-schedule]: register schedule /Users/wscart/Documents/sites/node/keplerApi/node_modules/egg-logrotator/app/schedule/rotate_by_file.js
2019-02-02 17:44:59,715 INFO 65614 [egg-schedule]: register schedule /Users/wscart/Documents/sites/node/keplerApi/node_modules/egg-logrotator/app/schedule/clean_log.js
2019-02-02 17:44:59,715 INFO 65614 [egg-schedule]: register schedule /Users/wscart/Documents/sites/node/keplerApi/node_modules/egg-logrotator/app/schedule/rotate_by_file.js
2019-02-02 17:45:03,436 INFO 65623 [egg-schedule]: register schedule /Users/wscart/Documents/sites/node/keplerApi/node_modules/egg-logrotator/app/schedule/clean_log.js
2019-02-02 17:45:03,436 INFO 65623 [egg-schedule]: register schedule /Users/wscart/Documents/sites/node/keplerApi/node_modules/egg-logrotator/app/schedule/rotate_by_file.js
2019-02-02 17:45:36,447 INFO 65709 [egg-schedule]: register schedule /Users/wscart/Documents/sites/node/keplerApi/node_modules/egg-logrotator/app/schedule/clean_log.js
2019-02-02 17:45:36,447 INFO 65709 [egg-schedule]: register schedule /Users/wscart/Documents/sites/node/keplerApi/node_modules/egg-logrotator/app/schedule/rotate_by_file.js
2019-02-02 17:45:37,280 INFO 65704 [Timer] /Users/wscart/Documents/sites/node/keplerApi/node_modules/egg-logrotator/app/schedule/clean_log.js next time will execute after 22462722ms at 2019-02-03 00:00:00.002
2019-02-02 17:45:37,281 INFO 65704 [Timer] /Users/wscart/Documents/sites/node/keplerApi/node_modules/egg-logrotator/app/schedule/rotate_by_file.js next time will execute after 22463719ms at 2019-02-03 00:00:01.000
2019-02-02 17:46:01,007 INFO 65719 [egg-schedule]: register schedule /Users/wscart/Documents/sites/node/keplerApi/node_modules/egg-logrotator/app/schedule/clean_log.js
2019-02-02 17:46:01,007 INFO 65719 [egg-schedule]: register schedule /Users/wscart/Documents/sites/node/keplerApi/node_modules/egg-logrotator/app/schedule/rotate_by_file.js
2019-02-02 17:46:04,479 INFO 65731 [egg-schedule]: register schedule /Users/wscart/Documents/sites/node/keplerApi/node_modules/egg-logrotator/app/schedule/clean_log.js
2019-02-02 17:46:04,479 INFO 65731 [egg-schedule]: register schedule /Users/wscart/Documents/sites/node/keplerApi/node_modules/egg-logrotator/app/schedule/rotate_by_file.js
2019-02-02 17:46:13,721 INFO 65840 [egg-schedule]: register schedule /Users/wscart/Documents/sites/node/keplerApi/node_modules/egg-logrotator/app/schedule/clean_log.js
2019-02-02 17:46:13,721 INFO 65840 [egg-schedule]: register schedule /Users/wscart/Documents/sites/node/keplerApi/node_modules/egg-logrotator/app/schedule/rotate_by_file.js
2019-02-02 17:46:14,469 INFO 65835 [Timer] /Users/wscart/Documents/sites/node/keplerApi/node_modules/egg-logrotator/app/schedule/clean_log.js next time will execute after 22425534ms at 2019-02-03 00:00:00.003
2019-02-02 17:46:14,469 INFO 65835 [Timer] /Users/wscart/Documents/sites/node/keplerApi/node_modules/egg-logrotator/app/schedule/rotate_by_file.js next time will execute after 22426531ms at 2019-02-03 00:00:01.000
2019-02-02 17:49:53,736 INFO 65883 [egg-schedule]: register schedule /Users/wscart/Documents/sites/node/keplerApi/node_modules/egg-logrotator/app/schedule/clean_log.js
2019-02-02 17:49:53,736 INFO 65883 [egg-schedule]: register schedule /Users/wscart/Documents/sites/node/keplerApi/node_modules/egg-logrotator/app/schedule/rotate_by_file.js
2019-02-02 17:49:57,209 INFO 65892 [egg-schedule]: register schedule /Users/wscart/Documents/sites/node/keplerApi/node_modules/egg-logrotator/app/schedule/clean_log.js
2019-02-02 17:49:57,209 INFO 65892 [egg-schedule]: register schedule /Users/wscart/Documents/sites/node/keplerApi/node_modules/egg-logrotator/app/schedule/rotate_by_file.js
2019-02-02 17:51:44,266 INFO 65901 [egg-schedule]: register schedule /Users/wscart/Documents/sites/node/keplerApi/node_modules/egg-logrotator/app/schedule/clean_log.js
2019-02-02 17:51:44,266 INFO 65901 [egg-schedule]: register schedule /Users/wscart/Documents/sites/node/keplerApi/node_modules/egg-logrotator/app/schedule/rotate_by_file.js
2019-02-02 17:51:56,390 INFO 65918 [egg-schedule]: register schedule /Users/wscart/Documents/sites/node/keplerApi/node_modules/egg-logrotator/app/schedule/clean_log.js
2019-02-02 17:51:56,390 INFO 65918 [egg-schedule]: register schedule /Users/wscart/Documents/sites/node/keplerApi/node_modules/egg-logrotator/app/schedule/rotate_by_file.js
2019-02-02 17:51:59,953 INFO 65927 [egg-schedule]: register schedule /Users/wscart/Documents/sites/node/keplerApi/node_modules/egg-logrotator/app/schedule/clean_log.js
2019-02-02 17:51:59,953 INFO 65927 [egg-schedule]: register schedule /Users/wscart/Documents/sites/node/keplerApi/node_modules/egg-logrotator/app/schedule/rotate_by_file.js
2019-02-02 17:52:11,422 INFO 65935 [egg-schedule]: register schedule /Users/wscart/Documents/sites/node/keplerApi/node_modules/egg-logrotator/app/schedule/clean_log.js
2019-02-02 17:52:11,422 INFO 65935 [egg-schedule]: register schedule /Users/wscart/Documents/sites/node/keplerApi/node_modules/egg-logrotator/app/schedule/rotate_by_file.js
2019-02-02 17:52:13,141 INFO 65946 [egg-schedule]: register schedule /Users/wscart/Documents/sites/node/keplerApi/node_modules/egg-logrotator/app/schedule/clean_log.js
2019-02-02 17:52:13,141 INFO 65946 [egg-schedule]: register schedule /Users/wscart/Documents/sites/node/keplerApi/node_modules/egg-logrotator/app/schedule/rotate_by_file.js
2019-02-02 17:53:49,544 INFO 66038 [egg-schedule]: register schedule /Users/wscart/Documents/sites/node/keplerApi/node_modules/egg-logrotator/app/schedule/clean_log.js
2019-02-02 17:53:49,544 INFO 66038 [egg-schedule]: register schedule /Users/wscart/Documents/sites/node/keplerApi/node_modules/egg-logrotator/app/schedule/rotate_by_file.js
2019-02-02 17:53:50,390 INFO 66033 [Timer] /Users/wscart/Documents/sites/node/keplerApi/node_modules/egg-logrotator/app/schedule/clean_log.js next time will execute after 21969612ms at 2019-02-03 00:00:00.002
2019-02-02 17:53:50,391 INFO 66033 [Timer] /Users/wscart/Documents/sites/node/keplerApi/node_modules/egg-logrotator/app/schedule/rotate_by_file.js next time will execute after 21970610ms at 2019-02-03 00:00:01.001
2019-02-02 17:55:10,090 INFO 66055 [egg-schedule]: register schedule /Users/wscart/Documents/sites/node/keplerApi/node_modules/egg-logrotator/app/schedule/clean_log.js
2019-02-02 17:55:10,090 INFO 66055 [egg-schedule]: register schedule /Users/wscart/Documents/sites/node/keplerApi/node_modules/egg-logrotator/app/schedule/rotate_by_file.js
2019-02-02 17:55:13,746 INFO 66067 [egg-schedule]: register schedule /Users/wscart/Documents/sites/node/keplerApi/node_modules/egg-logrotator/app/schedule/clean_log.js
2019-02-02 17:55:13,746 INFO 66067 [egg-schedule]: register schedule /Users/wscart/Documents/sites/node/keplerApi/node_modules/egg-logrotator/app/schedule/rotate_by_file.js
2019-02-02 17:56:00,028 INFO 66091 [egg-schedule]: register schedule /Users/wscart/Documents/sites/node/keplerApi/node_modules/egg-logrotator/app/schedule/clean_log.js
2019-02-02 17:56:00,028 INFO 66091 [egg-schedule]: register schedule /Users/wscart/Documents/sites/node/keplerApi/node_modules/egg-logrotator/app/schedule/rotate_by_file.js
2019-02-02 17:56:01,630 INFO 66100 [egg-schedule]: register schedule /Users/wscart/Documents/sites/node/keplerApi/node_modules/egg-logrotator/app/schedule/clean_log.js
2019-02-02 17:56:01,630 INFO 66100 [egg-schedule]: register schedule /Users/wscart/Documents/sites/node/keplerApi/node_modules/egg-logrotator/app/schedule/rotate_by_file.js
2019-02-02 17:56:13,557 INFO 66180 [egg-schedule]: register schedule /Users/wscart/Documents/sites/node/keplerApi/node_modules/egg-logrotator/app/schedule/clean_log.js
2019-02-02 17:56:13,557 INFO 66180 [egg-schedule]: register schedule /Users/wscart/Documents/sites/node/keplerApi/node_modules/egg-logrotator/app/schedule/rotate_by_file.js
2019-02-02 17:56:13,992 INFO 66182 [egg-schedule]: register schedule /Users/wscart/Documents/sites/node/keplerApi/node_modules/egg-logrotator/app/schedule/clean_log.js
2019-02-02 17:56:13,993 INFO 66182 [egg-schedule]: register schedule /Users/wscart/Documents/sites/node/keplerApi/node_modules/egg-logrotator/app/schedule/rotate_by_file.js
2019-02-02 17:56:14,576 INFO 66173 [Timer] /Users/wscart/Documents/sites/node/keplerApi/node_modules/egg-logrotator/app/schedule/clean_log.js next time will execute after 21825427ms at 2019-02-03 00:00:00.003
2019-02-02 17:56:14,576 INFO 66173 [Timer] /Users/wscart/Documents/sites/node/keplerApi/node_modules/egg-logrotator/app/schedule/rotate_by_file.js next time will execute after 21826424ms at 2019-02-03 00:00:01.000
2019-02-02 17:57:07,948 INFO 66300 [egg-schedule]: register schedule /Users/wscart/Documents/sites/node/keplerApi/node_modules/egg-logrotator/app/schedule/clean_log.js
2019-02-02 17:57:07,948 INFO 66300 [egg-schedule]: register schedule /Users/wscart/Documents/sites/node/keplerApi/node_modules/egg-logrotator/app/schedule/rotate_by_file.js
2019-02-02 17:57:08,866 INFO 66295 [Timer] /Users/wscart/Documents/sites/node/keplerApi/node_modules/egg-logrotator/app/schedule/clean_log.js next time will execute after 21771137ms at 2019-02-03 00:00:00.003
2019-02-02 17:57:08,866 INFO 66295 [Timer] /Users/wscart/Documents/sites/node/keplerApi/node_modules/egg-logrotator/app/schedule/rotate_by_file.js next time will execute after 21772134ms at 2019-02-03 00:00:01.000
2019-02-02 17:57:41,531 INFO 66311 [egg-schedule]: register schedule /Users/wscart/Documents/sites/node/keplerApi/node_modules/egg-logrotator/app/schedule/clean_log.js
2019-02-02 17:57:41,531 INFO 66311 [egg-schedule]: register schedule /Users/wscart/Documents/sites/node/keplerApi/node_modules/egg-logrotator/app/schedule/rotate_by_file.js
2019-02-02 17:57:47,677 INFO 66333 [egg-schedule]: register schedule /Users/wscart/Documents/sites/node/keplerApi/node_modules/egg-logrotator/app/schedule/clean_log.js
2019-02-02 17:57:47,678 INFO 66333 [egg-schedule]: register schedule /Users/wscart/Documents/sites/node/keplerApi/node_modules/egg-logrotator/app/schedule/rotate_by_file.js
2019-02-02 18:07:01,285 INFO 66556 [egg-schedule]: register schedule /Users/wscart/Documents/sites/node/keplerApi/node_modules/egg-logrotator/app/schedule/clean_log.js
2019-02-02 18:07:01,285 INFO 66556 [egg-schedule]: register schedule /Users/wscart/Documents/sites/node/keplerApi/node_modules/egg-logrotator/app/schedule/rotate_by_file.js
2019-02-02 18:07:02,194 INFO 66544 [Timer] /Users/wscart/Documents/sites/node/keplerApi/node_modules/egg-logrotator/app/schedule/clean_log.js next time will execute after 21177808ms at 2019-02-03 00:00:00.002
2019-02-02 18:07:02,194 INFO 66544 [Timer] /Users/wscart/Documents/sites/node/keplerApi/node_modules/egg-logrotator/app/schedule/rotate_by_file.js next time will execute after 21178806ms at 2019-02-03 00:00:01.000
2019-02-02 18:07:41,348 INFO 66606 [egg-schedule]: register schedule /Users/wscart/Documents/sites/node/keplerApi/node_modules/egg-logrotator/app/schedule/clean_log.js
2019-02-02 18:07:41,348 INFO 66606 [egg-schedule]: register schedule /Users/wscart/Documents/sites/node/keplerApi/node_modules/egg-logrotator/app/schedule/rotate_by_file.js
2019-02-02 18:08:30,710 INFO 66636 [egg-schedule]: register schedule /Users/wscart/Documents/sites/node/keplerApi/node_modules/egg-logrotator/app/schedule/clean_log.js
2019-02-02 18:08:30,710 INFO 66636 [egg-schedule]: register schedule /Users/wscart/Documents/sites/node/keplerApi/node_modules/egg-logrotator/app/schedule/rotate_by_file.js
2019-02-02 18:15:49,060 INFO 66762 [egg-schedule]: register schedule /Users/wscart/Documents/sites/node/keplerApi/node_modules/egg-logrotator/app/schedule/clean_log.js
2019-02-02 18:15:49,060 INFO 66762 [egg-schedule]: register schedule /Users/wscart/Documents/sites/node/keplerApi/node_modules/egg-logrotator/app/schedule/rotate_by_file.js
2019-02-02 18:15:59,794 INFO 66865 [Timer] /Users/wscart/Documents/sites/node/keplerApi/node_modules/egg-logrotator/app/schedule/clean_log.js next time will execute after 20640208ms at 2019-02-03 00:00:00.002
2019-02-02 18:15:59,795 INFO 66865 [Timer] /Users/wscart/Documents/sites/node/keplerApi/node_modules/egg-logrotator/app/schedule/rotate_by_file.js next time will execute after 20641205ms at 2019-02-03 00:00:01.000
2019-02-02 18:15:59,148 INFO 66877 [egg-schedule]: register schedule /Users/wscart/Documents/sites/node/keplerApi/node_modules/egg-logrotator/app/schedule/clean_log.js
2019-02-02 18:15:59,148 INFO 66877 [egg-schedule]: register schedule /Users/wscart/Documents/sites/node/keplerApi/node_modules/egg-logrotator/app/schedule/rotate_by_file.js
2019-02-02 18:26:29,768 INFO 66920 [egg-schedule]: register schedule /Users/wscart/Documents/sites/node/keplerApi/node_modules/egg-logrotator/app/schedule/clean_log.js
2019-02-02 18:26:29,768 INFO 66920 [egg-schedule]: register schedule /Users/wscart/Documents/sites/node/keplerApi/node_modules/egg-logrotator/app/schedule/rotate_by_file.js
2019-02-02 18:26:46,982 INFO 66936 [egg-schedule]: register schedule /Users/wscart/Documents/sites/node/keplerApi/node_modules/egg-logrotator/app/schedule/clean_log.js
2019-02-02 18:26:46,983 INFO 66936 [egg-schedule]: register schedule /Users/wscart/Documents/sites/node/keplerApi/node_modules/egg-logrotator/app/schedule/rotate_by_file.js
2019-02-02 18:28:30,513 INFO 66966 [egg-schedule]: register schedule /Users/wscart/Documents/sites/node/keplerApi/node_modules/egg-logrotator/app/schedule/clean_log.js
2019-02-02 18:28:30,513 INFO 66966 [egg-schedule]: register schedule /Users/wscart/Documents/sites/node/keplerApi/node_modules/egg-logrotator/app/schedule/rotate_by_file.js
2019-02-02 18:28:32,443 INFO 66978 [egg-schedule]: register schedule /Users/wscart/Documents/sites/node/keplerApi/node_modules/egg-logrotator/app/schedule/clean_log.js
2019-02-02 18:28:32,443 INFO 66978 [egg-schedule]: register schedule /Users/wscart/Documents/sites/node/keplerApi/node_modules/egg-logrotator/app/schedule/rotate_by_file.js
2019-02-02 18:30:41,782 INFO 67141 [egg-schedule]: register schedule /Users/wscart/Documents/sites/node/keplerApi/node_modules/egg-logrotator/app/schedule/clean_log.js
2019-02-02 18:30:41,783 INFO 67141 [egg-schedule]: register schedule /Users/wscart/Documents/sites/node/keplerApi/node_modules/egg-logrotator/app/schedule/rotate_by_file.js
2019-02-02 18:30:42,421 INFO 67128 [Timer] /Users/wscart/Documents/sites/node/keplerApi/node_modules/egg-logrotator/app/schedule/clean_log.js next time will execute after 19757582ms at 2019-02-03 00:00:00.003
2019-02-02 18:30:42,421 INFO 67128 [Timer] /Users/wscart/Documents/sites/node/keplerApi/node_modules/egg-logrotator/app/schedule/rotate_by_file.js next time will execute after 19758579ms at 2019-02-03 00:00:01.000
2019-02-02 18:31:17,611 INFO 67153 [egg-schedule]: register schedule /Users/wscart/Documents/sites/node/keplerApi/node_modules/egg-logrotator/app/schedule/clean_log.js
2019-02-02 18:31:17,611 INFO 67153 [egg-schedule]: register schedule /Users/wscart/Documents/sites/node/keplerApi/node_modules/egg-logrotator/app/schedule/rotate_by_file.js
2019-02-02 18:36:17,625 INFO 67269 [egg-schedule]: register schedule /Users/wscart/Documents/sites/node/keplerApi/node_modules/egg-logrotator/app/schedule/clean_log.js
2019-02-02 18:36:17,625 INFO 67269 [egg-schedule]: register schedule /Users/wscart/Documents/sites/node/keplerApi/node_modules/egg-logrotator/app/schedule/rotate_by_file.js
2019-02-02 18:40:56,037 INFO 67431 [egg-schedule]: register schedule /Users/wscart/Documents/sites/node/keplerApi/node_modules/egg-logrotator/app/schedule/clean_log.js
2019-02-02 18:40:56,037 INFO 67431 [egg-schedule]: register schedule /Users/wscart/Documents/sites/node/keplerApi/node_modules/egg-logrotator/app/schedule/rotate_by_file.js
2019-02-02 18:40:56,681 INFO 67419 [Timer] /Users/wscart/Documents/sites/node/keplerApi/node_modules/egg-logrotator/app/schedule/clean_log.js next time will execute after 19143322ms at 2019-02-03 00:00:00.003
2019-02-02 18:40:56,681 INFO 67419 [Timer] /Users/wscart/Documents/sites/node/keplerApi/node_modules/egg-logrotator/app/schedule/rotate_by_file.js next time will execute after 19144319ms at 2019-02-03 00:00:01.000
2019-02-02 18:42:23,837 INFO 67451 [egg-schedule]: register schedule /Users/wscart/Documents/sites/node/keplerApi/node_modules/egg-logrotator/app/schedule/clean_log.js
2019-02-02 18:42:23,837 INFO 67451 [egg-schedule]: register schedule /Users/wscart/Documents/sites/node/keplerApi/node_modules/egg-logrotator/app/schedule/rotate_by_file.js
2019-02-02 18:42:25,451 INFO 67452 [egg-schedule]: register schedule /Users/wscart/Documents/sites/node/keplerApi/node_modules/egg-logrotator/app/schedule/clean_log.js
2019-02-02 18:42:25,451 INFO 67452 [egg-schedule]: register schedule /Users/wscart/Documents/sites/node/keplerApi/node_modules/egg-logrotator/app/schedule/rotate_by_file.js
2019-02-02 18:48:44,606 INFO 67575 [egg-schedule]: register schedule /Users/wscart/Documents/sites/node/keplerApi/node_modules/egg-logrotator/app/schedule/clean_log.js
2019-02-02 18:48:44,607 INFO 67575 [egg-schedule]: register schedule /Users/wscart/Documents/sites/node/keplerApi/node_modules/egg-logrotator/app/schedule/rotate_by_file.js
2019-02-02 18:48:45,315 INFO 67563 [Timer] /Users/wscart/Documents/sites/node/keplerApi/node_modules/egg-logrotator/app/schedule/clean_log.js next time will execute after 18674688ms at 2019-02-03 00:00:00.003
2019-02-02 18:48:45,316 INFO 67563 [Timer] /Users/wscart/Documents/sites/node/keplerApi/node_modules/egg-logrotator/app/schedule/rotate_by_file.js next time will execute after 18675684ms at 2019-02-03 00:00:01.000
2019-02-02 18:49:59,471 INFO 67633 [egg-schedule]: register schedule /Users/wscart/Documents/sites/node/keplerApi/node_modules/egg-logrotator/app/schedule/clean_log.js
2019-02-02 18:49:59,471 INFO 67633 [egg-schedule]: register schedule /Users/wscart/Documents/sites/node/keplerApi/node_modules/egg-logrotator/app/schedule/rotate_by_file.js
2019-02-02 18:50:08,972 INFO 67747 [Timer] /Users/wscart/Documents/sites/node/keplerApi/node_modules/egg-logrotator/app/schedule/clean_log.js next time will execute after 18591030ms at 2019-02-03 00:00:00.002
2019-02-02 18:50:08,973 INFO 67747 [Timer] /Users/wscart/Documents/sites/node/keplerApi/node_modules/egg-logrotator/app/schedule/rotate_by_file.js next time will execute after 18592028ms at 2019-02-03 00:00:01.001
2019-02-02 18:50:08,349 INFO 67752 [egg-schedule]: register schedule /Users/wscart/Documents/sites/node/keplerApi/node_modules/egg-logrotator/app/schedule/clean_log.js
2019-02-02 18:50:08,349 INFO 67752 [egg-schedule]: register schedule /Users/wscart/Documents/sites/node/keplerApi/node_modules/egg-logrotator/app/schedule/rotate_by_file.js
2019-02-02 18:50:27,242 INFO 68285 [egg-schedule]: register schedule /Users/wscart/Documents/sites/node/keplerApi/node_modules/egg-logrotator/app/schedule/clean_log.js
2019-02-02 18:50:27,242 INFO 68285 [egg-schedule]: register schedule /Users/wscart/Documents/sites/node/keplerApi/node_modules/egg-logrotator/app/schedule/rotate_by_file.js
2019-02-02 18:50:36,335 INFO 68300 [egg-schedule]: register schedule /Users/wscart/Documents/sites/node/keplerApi/node_modules/egg-logrotator/app/schedule/clean_log.js
2019-02-02 18:50:36,335 INFO 68300 [egg-schedule]: register schedule /Users/wscart/Documents/sites/node/keplerApi/node_modules/egg-logrotator/app/schedule/rotate_by_file.js
2019-02-02 18:50:46,162 INFO 68369 [egg-schedule]: register schedule /Users/wscart/Documents/sites/node/keplerApi/node_modules/egg-logrotator/app/schedule/clean_log.js
2019-02-02 18:50:46,162 INFO 68369 [egg-schedule]: register schedule /Users/wscart/Documents/sites/node/keplerApi/node_modules/egg-logrotator/app/schedule/rotate_by_file.js
2019-02-02 18:50:46,833 INFO 68364 [Timer] /Users/wscart/Documents/sites/node/keplerApi/node_modules/egg-logrotator/app/schedule/clean_log.js next time will execute after 18553170ms at 2019-02-03 00:00:00.003
2019-02-02 18:50:46,833 INFO 68364 [Timer] /Users/wscart/Documents/sites/node/keplerApi/node_modules/egg-logrotator/app/schedule/rotate_by_file.js next time will execute after 18554167ms at 2019-02-03 00:00:01.000
2019-02-02 19:29:03,210 INFO 68451 [egg-schedule]: register schedule /Users/wscart/Documents/sites/node/keplerApi/node_modules/egg-logrotator/app/schedule/clean_log.js
2019-02-02 19:29:03,210 INFO 68451 [egg-schedule]: register schedule /Users/wscart/Documents/sites/node/keplerApi/node_modules/egg-logrotator/app/schedule/rotate_by_file.js
2019-02-02 19:29:06,606 INFO 68460 [egg-schedule]: register schedule /Users/wscart/Documents/sites/node/keplerApi/node_modules/egg-logrotator/app/schedule/clean_log.js
2019-02-02 19:29:06,606 INFO 68460 [egg-schedule]: register schedule /Users/wscart/Documents/sites/node/keplerApi/node_modules/egg-logrotator/app/schedule/rotate_by_file.js
2019-02-02 19:29:40,337 INFO 68471 [egg-schedule]: register schedule /Users/wscart/Documents/sites/node/keplerApi/node_modules/egg-logrotator/app/schedule/clean_log.js
2019-02-02 19:29:40,337 INFO 68471 [egg-schedule]: register schedule /Users/wscart/Documents/sites/node/keplerApi/node_modules/egg-logrotator/app/schedule/rotate_by_file.js
2019-02-02 19:29:43,850 INFO 68480 [egg-schedule]: register schedule /Users/wscart/Documents/sites/node/keplerApi/node_modules/egg-logrotator/app/schedule/clean_log.js
2019-02-02 19:29:43,850 INFO 68480 [egg-schedule]: register schedule /Users/wscart/Documents/sites/node/keplerApi/node_modules/egg-logrotator/app/schedule/rotate_by_file.js
2019-02-02 19:29:59,072 INFO 68489 [egg-schedule]: register schedule /Users/wscart/Documents/sites/node/keplerApi/node_modules/egg-logrotator/app/schedule/clean_log.js
2019-02-02 19:29:59,072 INFO 68489 [egg-schedule]: register schedule /Users/wscart/Documents/sites/node/keplerApi/node_modules/egg-logrotator/app/schedule/rotate_by_file.js
2019-02-02 19:30:02,721 INFO 68499 [egg-schedule]: register schedule /Users/wscart/Documents/sites/node/keplerApi/node_modules/egg-logrotator/app/schedule/clean_log.js
2019-02-02 19:30:02,721 INFO 68499 [egg-schedule]: register schedule /Users/wscart/Documents/sites/node/keplerApi/node_modules/egg-logrotator/app/schedule/rotate_by_file.js
2019-02-02 19:30:36,894 INFO 68512 [egg-schedule]: register schedule /Users/wscart/Documents/sites/node/keplerApi/node_modules/egg-logrotator/app/schedule/clean_log.js
2019-02-02 19:30:36,895 INFO 68512 [egg-schedule]: register schedule /Users/wscart/Documents/sites/node/keplerApi/node_modules/egg-logrotator/app/schedule/rotate_by_file.js
2019-02-02 19:30:40,399 INFO 68518 [egg-schedule]: register schedule /Users/wscart/Documents/sites/node/keplerApi/node_modules/egg-logrotator/app/schedule/clean_log.js
2019-02-02 19:30:40,399 INFO 68518 [egg-schedule]: register schedule /Users/wscart/Documents/sites/node/keplerApi/node_modules/egg-logrotator/app/schedule/rotate_by_file.js
2019-02-02 19:30:52,012 INFO 68535 [egg-schedule]: register schedule /Users/wscart/Documents/sites/node/keplerApi/node_modules/egg-logrotator/app/schedule/clean_log.js
2019-02-02 19:30:52,012 INFO 68535 [egg-schedule]: register schedule /Users/wscart/Documents/sites/node/keplerApi/node_modules/egg-logrotator/app/schedule/rotate_by_file.js
2019-02-02 19:30:55,600 INFO 68543 [egg-schedule]: register schedule /Users/wscart/Documents/sites/node/keplerApi/node_modules/egg-logrotator/app/schedule/clean_log.js
2019-02-02 19:30:55,600 INFO 68543 [egg-schedule]: register schedule /Users/wscart/Documents/sites/node/keplerApi/node_modules/egg-logrotator/app/schedule/rotate_by_file.js
2019-02-02 19:31:15,161 INFO 68559 [egg-schedule]: register schedule /Users/wscart/Documents/sites/node/keplerApi/node_modules/egg-logrotator/app/schedule/clean_log.js
2019-02-02 19:31:15,161 INFO 68559 [egg-schedule]: register schedule /Users/wscart/Documents/sites/node/keplerApi/node_modules/egg-logrotator/app/schedule/rotate_by_file.js
2019-02-02 19:31:42,659 INFO 68575 [egg-schedule]: register schedule /Users/wscart/Documents/sites/node/keplerApi/node_modules/egg-logrotator/app/schedule/clean_log.js
2019-02-02 19:31:42,659 INFO 68575 [egg-schedule]: register schedule /Users/wscart/Documents/sites/node/keplerApi/node_modules/egg-logrotator/app/schedule/rotate_by_file.js
2019-02-02 19:31:44,253 INFO 68584 [egg-schedule]: register schedule /Users/wscart/Documents/sites/node/keplerApi/node_modules/egg-logrotator/app/schedule/clean_log.js
2019-02-02 19:31:44,253 INFO 68584 [egg-schedule]: register schedule /Users/wscart/Documents/sites/node/keplerApi/node_modules/egg-logrotator/app/schedule/rotate_by_file.js
2019-02-02 19:32:02,756 INFO 68592 [egg-schedule]: register schedule /Users/wscart/Documents/sites/node/keplerApi/node_modules/egg-logrotator/app/schedule/clean_log.js
2019-02-02 19:32:02,756 INFO 68592 [egg-schedule]: register schedule /Users/wscart/Documents/sites/node/keplerApi/node_modules/egg-logrotator/app/schedule/rotate_by_file.js
2019-02-02 19:32:19,324 INFO 68609 [egg-schedule]: register schedule /Users/wscart/Documents/sites/node/keplerApi/node_modules/egg-logrotator/app/schedule/clean_log.js
2019-02-02 19:32:19,324 INFO 68609 [egg-schedule]: register schedule /Users/wscart/Documents/sites/node/keplerApi/node_modules/egg-logrotator/app/schedule/rotate_by_file.js
2019-02-02 19:32:21,006 INFO 68611 [egg-schedule]: register schedule /Users/wscart/Documents/sites/node/keplerApi/node_modules/egg-logrotator/app/schedule/clean_log.js
2019-02-02 19:32:21,006 INFO 68611 [egg-schedule]: register schedule /Users/wscart/Documents/sites/node/keplerApi/node_modules/egg-logrotator/app/schedule/rotate_by_file.js
2019-02-02 19:34:06,852 INFO 68645 [egg-schedule]: register schedule /Users/wscart/Documents/sites/node/keplerApi/node_modules/egg-logrotator/app/schedule/clean_log.js
2019-02-02 19:34:06,852 INFO 68645 [egg-schedule]: register schedule /Users/wscart/Documents/sites/node/keplerApi/node_modules/egg-logrotator/app/schedule/rotate_by_file.js
2019-02-02 19:34:08,445 INFO 68647 [egg-schedule]: register schedule /Users/wscart/Documents/sites/node/keplerApi/node_modules/egg-logrotator/app/schedule/clean_log.js
2019-02-02 19:34:08,445 INFO 68647 [egg-schedule]: register schedule /Users/wscart/Documents/sites/node/keplerApi/node_modules/egg-logrotator/app/schedule/rotate_by_file.js
2019-02-02 19:34:42,757 INFO 68664 [egg-schedule]: register schedule /Users/wscart/Documents/sites/node/keplerApi/node_modules/egg-logrotator/app/schedule/clean_log.js
2019-02-02 19:34:42,757 INFO 68664 [egg-schedule]: register schedule /Users/wscart/Documents/sites/node/keplerApi/node_modules/egg-logrotator/app/schedule/rotate_by_file.js
2019-02-02 19:34:44,381 INFO 68673 [egg-schedule]: register schedule /Users/wscart/Documents/sites/node/keplerApi/node_modules/egg-logrotator/app/schedule/clean_log.js
2019-02-02 19:34:44,381 INFO 68673 [egg-schedule]: register schedule /Users/wscart/Documents/sites/node/keplerApi/node_modules/egg-logrotator/app/schedule/rotate_by_file.js
2019-02-02 19:34:58,090 INFO 68681 [egg-schedule]: register schedule /Users/wscart/Documents/sites/node/keplerApi/node_modules/egg-logrotator/app/schedule/clean_log.js
2019-02-02 19:34:58,090 INFO 68681 [egg-schedule]: register schedule /Users/wscart/Documents/sites/node/keplerApi/node_modules/egg-logrotator/app/schedule/rotate_by_file.js
2019-02-02 19:35:15,495 INFO 68698 [egg-schedule]: register schedule /Users/wscart/Documents/sites/node/keplerApi/node_modules/egg-logrotator/app/schedule/clean_log.js
2019-02-02 19:35:15,495 INFO 68698 [egg-schedule]: register schedule /Users/wscart/Documents/sites/node/keplerApi/node_modules/egg-logrotator/app/schedule/rotate_by_file.js
2019-02-02 19:35:24,996 INFO 68717 [egg-schedule]: register schedule /Users/wscart/Documents/sites/node/keplerApi/node_modules/egg-logrotator/app/schedule/clean_log.js
2019-02-02 19:35:24,996 INFO 68717 [egg-schedule]: register schedule /Users/wscart/Documents/sites/node/keplerApi/node_modules/egg-logrotator/app/schedule/rotate_by_file.js
2019-02-02 19:35:26,674 INFO 68726 [egg-schedule]: register schedule /Users/wscart/Documents/sites/node/keplerApi/node_modules/egg-logrotator/app/schedule/clean_log.js
2019-02-02 19:35:26,674 INFO 68726 [egg-schedule]: register schedule /Users/wscart/Documents/sites/node/keplerApi/node_modules/egg-logrotator/app/schedule/rotate_by_file.js
2019-02-02 19:36:39,300 INFO 68750 [egg-schedule]: register schedule /Users/wscart/Documents/sites/node/keplerApi/node_modules/egg-logrotator/app/schedule/clean_log.js
2019-02-02 19:36:39,300 INFO 68750 [egg-schedule]: register schedule /Users/wscart/Documents/sites/node/keplerApi/node_modules/egg-logrotator/app/schedule/rotate_by_file.js
2019-02-02 19:36:54,042 INFO 68766 [egg-schedule]: register schedule /Users/wscart/Documents/sites/node/keplerApi/node_modules/egg-logrotator/app/schedule/clean_log.js
2019-02-02 19:36:54,042 INFO 68766 [egg-schedule]: register schedule /Users/wscart/Documents/sites/node/keplerApi/node_modules/egg-logrotator/app/schedule/rotate_by_file.js
2019-02-02 19:37:43,888 INFO 68790 [egg-schedule]: register schedule /Users/wscart/Documents/sites/node/keplerApi/node_modules/egg-logrotator/app/schedule/clean_log.js
2019-02-02 19:37:43,888 INFO 68790 [egg-schedule]: register schedule /Users/wscart/Documents/sites/node/keplerApi/node_modules/egg-logrotator/app/schedule/rotate_by_file.js
2019-02-02 19:37:45,546 INFO 68792 [egg-schedule]: register schedule /Users/wscart/Documents/sites/node/keplerApi/node_modules/egg-logrotator/app/schedule/clean_log.js
2019-02-02 19:37:45,546 INFO 68792 [egg-schedule]: register schedule /Users/wscart/Documents/sites/node/keplerApi/node_modules/egg-logrotator/app/schedule/rotate_by_file.js
2019-02-02 19:38:09,127 INFO 68823 [egg-schedule]: register schedule /Users/wscart/Documents/sites/node/keplerApi/node_modules/egg-logrotator/app/schedule/clean_log.js
2019-02-02 19:38:09,127 INFO 68823 [egg-schedule]: register schedule /Users/wscart/Documents/sites/node/keplerApi/node_modules/egg-logrotator/app/schedule/rotate_by_file.js
2019-02-02 19:39:17,849 INFO 68846 [egg-schedule]: register schedule /Users/wscart/Documents/sites/node/keplerApi/node_modules/egg-logrotator/app/schedule/clean_log.js
2019-02-02 19:39:17,849 INFO 68846 [egg-schedule]: register schedule /Users/wscart/Documents/sites/node/keplerApi/node_modules/egg-logrotator/app/schedule/rotate_by_file.js
2019-02-02 19:42:50,326 INFO 68870 [egg-schedule]: register schedule /Users/wscart/Documents/sites/node/keplerApi/node_modules/egg-logrotator/app/schedule/clean_log.js
2019-02-02 19:42:50,326 INFO 68870 [egg-schedule]: register schedule /Users/wscart/Documents/sites/node/keplerApi/node_modules/egg-logrotator/app/schedule/rotate_by_file.js
2019-02-02 19:44:09,308 INFO 68945 [egg-schedule]: register schedule /Users/wscart/Documents/sites/node/keplerApi/node_modules/egg-logrotator/app/schedule/clean_log.js
2019-02-02 19:44:09,308 INFO 68945 [egg-schedule]: register schedule /Users/wscart/Documents/sites/node/keplerApi/node_modules/egg-logrotator/app/schedule/rotate_by_file.js
2019-02-02 19:44:14,309 INFO 68958 [egg-schedule]: register schedule /Users/wscart/Documents/sites/node/keplerApi/node_modules/egg-logrotator/app/schedule/clean_log.js
2019-02-02 19:44:14,309 INFO 68958 [egg-schedule]: register schedule /Users/wscart/Documents/sites/node/keplerApi/node_modules/egg-logrotator/app/schedule/rotate_by_file.js
2019-02-02 19:44:17,234 INFO 68971 [egg-schedule]: register schedule /Users/wscart/Documents/sites/node/keplerApi/node_modules/egg-logrotator/app/schedule/clean_log.js
2019-02-02 19:44:17,234 INFO 68971 [egg-schedule]: register schedule /Users/wscart/Documents/sites/node/keplerApi/node_modules/egg-logrotator/app/schedule/rotate_by_file.js
2019-02-02 19:44:20,546 INFO 68987 [egg-schedule]: register schedule /Users/wscart/Documents/sites/node/keplerApi/node_modules/egg-logrotator/app/schedule/clean_log.js
2019-02-02 19:44:20,546 INFO 68987 [egg-schedule]: register schedule /Users/wscart/Documents/sites/node/keplerApi/node_modules/egg-logrotator/app/schedule/rotate_by_file.js
2019-02-02 19:44:24,680 INFO 68993 [egg-schedule]: register schedule /Users/wscart/Documents/sites/node/keplerApi/node_modules/egg-logrotator/app/schedule/clean_log.js
2019-02-02 19:44:24,680 INFO 68993 [egg-schedule]: register schedule /Users/wscart/Documents/sites/node/keplerApi/node_modules/egg-logrotator/app/schedule/rotate_by_file.js
2019-02-02 19:44:30,017 INFO 69007 [egg-schedule]: register schedule /Users/wscart/Documents/sites/node/keplerApi/node_modules/egg-logrotator/app/schedule/clean_log.js
2019-02-02 19:44:30,017 INFO 69007 [egg-schedule]: register schedule /Users/wscart/Documents/sites/node/keplerApi/node_modules/egg-logrotator/app/schedule/rotate_by_file.js
2019-02-02 19:44:36,416 INFO 69035 [egg-schedule]: register schedule /Users/wscart/Documents/sites/node/keplerApi/node_modules/egg-logrotator/app/schedule/clean_log.js
2019-02-02 19:44:36,416 INFO 69035 [egg-schedule]: register schedule /Users/wscart/Documents/sites/node/keplerApi/node_modules/egg-logrotator/app/schedule/rotate_by_file.js
2019-02-02 19:44:46,073 INFO 69141 [egg-schedule]: register schedule /Users/wscart/Documents/sites/node/keplerApi/node_modules/egg-logrotator/app/schedule/clean_log.js
2019-02-02 19:44:46,073 INFO 69141 [egg-schedule]: register schedule /Users/wscart/Documents/sites/node/keplerApi/node_modules/egg-logrotator/app/schedule/rotate_by_file.js
2019-02-02 19:44:46,738 INFO 69128 [Timer] /Users/wscart/Documents/sites/node/keplerApi/node_modules/egg-logrotator/app/schedule/clean_log.js next time will execute after 15313264ms at 2019-02-03 00:00:00.002
2019-02-02 19:44:46,739 INFO 69128 [Timer] /Users/wscart/Documents/sites/node/keplerApi/node_modules/egg-logrotator/app/schedule/rotate_by_file.js next time will execute after 15314262ms at 2019-02-03 00:00:01.001
2019-02-02 19:53:00,738 INFO 69196 [egg-schedule]: register schedule /Users/wscart/Documents/sites/node/keplerApi/node_modules/egg-logrotator/app/schedule/clean_log.js
2019-02-02 19:53:00,738 INFO 69196 [egg-schedule]: register schedule /Users/wscart/Documents/sites/node/keplerApi/node_modules/egg-logrotator/app/schedule/rotate_by_file.js
2019-02-02 19:57:11,889 INFO 69241 [egg-schedule]: register schedule /Users/wscart/Documents/sites/node/keplerApi/node_modules/egg-logrotator/app/schedule/clean_log.js
2019-02-02 19:57:11,889 INFO 69241 [egg-schedule]: register schedule /Users/wscart/Documents/sites/node/keplerApi/node_modules/egg-logrotator/app/schedule/rotate_by_file.js
2019-02-02 19:57:13,530 INFO 69250 [egg-schedule]: register schedule /Users/wscart/Documents/sites/node/keplerApi/node_modules/egg-logrotator/app/schedule/clean_log.js
2019-02-02 19:57:13,530 INFO 69250 [egg-schedule]: register schedule /Users/wscart/Documents/sites/node/keplerApi/node_modules/egg-logrotator/app/schedule/rotate_by_file.js
2019-02-02 19:57:31,159 INFO 69263 [egg-schedule]: register schedule /Users/wscart/Documents/sites/node/keplerApi/node_modules/egg-logrotator/app/schedule/clean_log.js
2019-02-02 19:57:31,159 INFO 69263 [egg-schedule]: register schedule /Users/wscart/Documents/sites/node/keplerApi/node_modules/egg-logrotator/app/schedule/rotate_by_file.js
2019-02-02 19:57:32,823 INFO 69272 [egg-schedule]: register schedule /Users/wscart/Documents/sites/node/keplerApi/node_modules/egg-logrotator/app/schedule/clean_log.js
2019-02-02 19:57:32,823 INFO 69272 [egg-schedule]: register schedule /Users/wscart/Documents/sites/node/keplerApi/node_modules/egg-logrotator/app/schedule/rotate_by_file.js
2019-02-02 19:57:57,072 INFO 69280 [egg-schedule]: register schedule /Users/wscart/Documents/sites/node/keplerApi/node_modules/egg-logrotator/app/schedule/clean_log.js
2019-02-02 19:57:57,072 INFO 69280 [egg-schedule]: register schedule /Users/wscart/Documents/sites/node/keplerApi/node_modules/egg-logrotator/app/schedule/rotate_by_file.js
2019-02-02 19:59:13,493 INFO 69326 [egg-schedule]: register schedule /Users/wscart/Documents/sites/node/keplerApi/node_modules/egg-logrotator/app/schedule/clean_log.js
2019-02-02 19:59:13,493 INFO 69326 [egg-schedule]: register schedule /Users/wscart/Documents/sites/node/keplerApi/node_modules/egg-logrotator/app/schedule/rotate_by_file.js
2019-02-02 19:59:28,996 INFO 69342 [egg-schedule]: register schedule /Users/wscart/Documents/sites/node/keplerApi/node_modules/egg-logrotator/app/schedule/clean_log.js
2019-02-02 19:59:28,996 INFO 69342 [egg-schedule]: register schedule /Users/wscart/Documents/sites/node/keplerApi/node_modules/egg-logrotator/app/schedule/rotate_by_file.js
2019-02-02 19:59:41,645 INFO 69358 [egg-schedule]: register schedule /Users/wscart/Documents/sites/node/keplerApi/node_modules/egg-logrotator/app/schedule/clean_log.js
2019-02-02 19:59:41,645 INFO 69358 [egg-schedule]: register schedule /Users/wscart/Documents/sites/node/keplerApi/node_modules/egg-logrotator/app/schedule/rotate_by_file.js
2019-02-02 20:01:25,710 INFO 69394 [egg-schedule]: register schedule /Users/wscart/Documents/sites/node/keplerApi/node_modules/egg-logrotator/app/schedule/clean_log.js
2019-02-02 20:01:25,710 INFO 69394 [egg-schedule]: register schedule /Users/wscart/Documents/sites/node/keplerApi/node_modules/egg-logrotator/app/schedule/rotate_by_file.js
2019-02-02 20:12:56,546 INFO 69504 [egg-schedule]: register schedule /Users/wscart/Documents/sites/node/keplerApi/node_modules/egg-logrotator/app/schedule/clean_log.js
2019-02-02 20:12:56,546 INFO 69504 [egg-schedule]: register schedule /Users/wscart/Documents/sites/node/keplerApi/node_modules/egg-logrotator/app/schedule/rotate_by_file.js
2019-02-02 20:13:01,419 INFO 69518 [egg-schedule]: register schedule /Users/wscart/Documents/sites/node/keplerApi/node_modules/egg-logrotator/app/schedule/clean_log.js
2019-02-02 20:13:01,419 INFO 69518 [egg-schedule]: register schedule /Users/wscart/Documents/sites/node/keplerApi/node_modules/egg-logrotator/app/schedule/rotate_by_file.js
2019-02-02 20:13:03,005 INFO 69528 [egg-schedule]: register schedule /Users/wscart/Documents/sites/node/keplerApi/node_modules/egg-logrotator/app/schedule/clean_log.js
2019-02-02 20:13:03,005 INFO 69528 [egg-schedule]: register schedule /Users/wscart/Documents/sites/node/keplerApi/node_modules/egg-logrotator/app/schedule/rotate_by_file.js
2019-02-02 20:13:16,610 INFO 69539 [egg-schedule]: register schedule /Users/wscart/Documents/sites/node/keplerApi/node_modules/egg-logrotator/app/schedule/clean_log.js
2019-02-02 20:13:16,610 INFO 69539 [egg-schedule]: register schedule /Users/wscart/Documents/sites/node/keplerApi/node_modules/egg-logrotator/app/schedule/rotate_by_file.js
2019-02-02 20:13:19,212 INFO 69549 [egg-schedule]: register schedule /Users/wscart/Documents/sites/node/keplerApi/node_modules/egg-logrotator/app/schedule/clean_log.js
2019-02-02 20:13:19,212 INFO 69549 [egg-schedule]: register schedule /Users/wscart/Documents/sites/node/keplerApi/node_modules/egg-logrotator/app/schedule/rotate_by_file.js
2019-02-02 20:13:32,118 INFO 69564 [egg-schedule]: register schedule /Users/wscart/Documents/sites/node/keplerApi/node_modules/egg-logrotator/app/schedule/clean_log.js
2019-02-02 20:13:32,118 INFO 69564 [egg-schedule]: register schedule /Users/wscart/Documents/sites/node/keplerApi/node_modules/egg-logrotator/app/schedule/rotate_by_file.js
2019-02-02 20:14:14,738 INFO 69585 [egg-schedule]: register schedule /Users/wscart/Documents/sites/node/keplerApi/node_modules/egg-logrotator/app/schedule/clean_log.js
2019-02-02 20:14:14,738 INFO 69585 [egg-schedule]: register schedule /Users/wscart/Documents/sites/node/keplerApi/node_modules/egg-logrotator/app/schedule/rotate_by_file.js
2019-02-02 20:14:16,306 INFO 69594 [egg-schedule]: register schedule /Users/wscart/Documents/sites/node/keplerApi/node_modules/egg-logrotator/app/schedule/clean_log.js
2019-02-02 20:14:16,306 INFO 69594 [egg-schedule]: register schedule /Users/wscart/Documents/sites/node/keplerApi/node_modules/egg-logrotator/app/schedule/rotate_by_file.js
2019-02-02 20:14:17,515 INFO 69595 [egg-schedule]: register schedule /Users/wscart/Documents/sites/node/keplerApi/node_modules/egg-logrotator/app/schedule/clean_log.js
2019-02-02 20:14:17,515 INFO 69595 [egg-schedule]: register schedule /Users/wscart/Documents/sites/node/keplerApi/node_modules/egg-logrotator/app/schedule/rotate_by_file.js
2019-02-02 20:15:52,047 INFO 70119 [egg-schedule]: register schedule /Users/wscart/Documents/sites/node/keplerApi/node_modules/egg-logrotator/app/schedule/clean_log.js
2019-02-02 20:15:52,047 INFO 70119 [egg-schedule]: register schedule /Users/wscart/Documents/sites/node/keplerApi/node_modules/egg-logrotator/app/schedule/rotate_by_file.js
2019-02-02 20:15:53,658 INFO 70121 [egg-schedule]: register schedule /Users/wscart/Documents/sites/node/keplerApi/node_modules/egg-logrotator/app/schedule/clean_log.js
2019-02-02 20:15:53,658 INFO 70121 [egg-schedule]: register schedule /Users/wscart/Documents/sites/node/keplerApi/node_modules/egg-logrotator/app/schedule/rotate_by_file.js
2019-02-02 20:16:05,657 INFO 70136 [egg-schedule]: register schedule /Users/wscart/Documents/sites/node/keplerApi/node_modules/egg-logrotator/app/schedule/clean_log.js
2019-02-02 20:16:05,657 INFO 70136 [egg-schedule]: register schedule /Users/wscart/Documents/sites/node/keplerApi/node_modules/egg-logrotator/app/schedule/rotate_by_file.js
2019-02-02 20:16:34,142 INFO 70159 [egg-schedule]: register schedule /Users/wscart/Documents/sites/node/keplerApi/node_modules/egg-logrotator/app/schedule/clean_log.js
2019-02-02 20:16:34,142 INFO 70159 [egg-schedule]: register schedule /Users/wscart/Documents/sites/node/keplerApi/node_modules/egg-logrotator/app/schedule/rotate_by_file.js
2019-02-02 20:16:57,290 INFO 70182 [egg-schedule]: register schedule /Users/wscart/Documents/sites/node/keplerApi/node_modules/egg-logrotator/app/schedule/clean_log.js
2019-02-02 20:16:57,290 INFO 70182 [egg-schedule]: register schedule /Users/wscart/Documents/sites/node/keplerApi/node_modules/egg-logrotator/app/schedule/rotate_by_file.js
2019-02-02 20:16:58,847 INFO 70191 [egg-schedule]: register schedule /Users/wscart/Documents/sites/node/keplerApi/node_modules/egg-logrotator/app/schedule/clean_log.js
2019-02-02 20:16:58,847 INFO 70191 [egg-schedule]: register schedule /Users/wscart/Documents/sites/node/keplerApi/node_modules/egg-logrotator/app/schedule/rotate_by_file.js
2019-02-02 20:16:59,979 INFO 70192 [egg-schedule]: register schedule /Users/wscart/Documents/sites/node/keplerApi/node_modules/egg-logrotator/app/schedule/clean_log.js
2019-02-02 20:16:59,979 INFO 70192 [egg-schedule]: register schedule /Users/wscart/Documents/sites/node/keplerApi/node_modules/egg-logrotator/app/schedule/rotate_by_file.js
2019-02-02 20:17:01,190 INFO 70193 [egg-schedule]: register schedule /Users/wscart/Documents/sites/node/keplerApi/node_modules/egg-logrotator/app/schedule/clean_log.js
2019-02-02 20:17:01,190 INFO 70193 [egg-schedule]: register schedule /Users/wscart/Documents/sites/node/keplerApi/node_modules/egg-logrotator/app/schedule/rotate_by_file.js
2019-02-02 20:17:02,907 INFO 70194 [egg-schedule]: register schedule /Users/wscart/Documents/sites/node/keplerApi/node_modules/egg-logrotator/app/schedule/clean_log.js
2019-02-02 20:17:02,907 INFO 70194 [egg-schedule]: register schedule /Users/wscart/Documents/sites/node/keplerApi/node_modules/egg-logrotator/app/schedule/rotate_by_file.js
2019-02-02 20:18:04,941 INFO 70316 [egg-schedule]: register schedule /Users/wscart/Documents/sites/node/keplerApi/node_modules/egg-logrotator/app/schedule/clean_log.js
2019-02-02 20:18:04,941 INFO 70316 [egg-schedule]: register schedule /Users/wscart/Documents/sites/node/keplerApi/node_modules/egg-logrotator/app/schedule/rotate_by_file.js
2019-02-02 20:18:05,615 INFO 70304 [Timer] /Users/wscart/Documents/sites/node/keplerApi/node_modules/egg-logrotator/app/schedule/clean_log.js next time will execute after 13314388ms at 2019-02-03 00:00:00.003
2019-02-02 20:18:05,615 INFO 70304 [Timer] /Users/wscart/Documents/sites/node/keplerApi/node_modules/egg-logrotator/app/schedule/rotate_by_file.js next time will execute after 13315385ms at 2019-02-03 00:00:01.000
2019-02-02 20:19:21,866 INFO 70335 [egg-schedule]: register schedule /Users/wscart/Documents/sites/node/keplerApi/node_modules/egg-logrotator/app/schedule/clean_log.js
2019-02-02 20:19:21,866 INFO 70335 [egg-schedule]: register schedule /Users/wscart/Documents/sites/node/keplerApi/node_modules/egg-logrotator/app/schedule/rotate_by_file.js
2019-02-02 20:19:32,957 INFO 70351 [egg-schedule]: register schedule /Users/wscart/Documents/sites/node/keplerApi/node_modules/egg-logrotator/app/schedule/clean_log.js
2019-02-02 20:19:32,957 INFO 70351 [egg-schedule]: register schedule /Users/wscart/Documents/sites/node/keplerApi/node_modules/egg-logrotator/app/schedule/rotate_by_file.js
2019-02-02 20:19:34,564 INFO 70360 [egg-schedule]: register schedule /Users/wscart/Documents/sites/node/keplerApi/node_modules/egg-logrotator/app/schedule/clean_log.js
2019-02-02 20:19:34,565 INFO 70360 [egg-schedule]: register schedule /Users/wscart/Documents/sites/node/keplerApi/node_modules/egg-logrotator/app/schedule/rotate_by_file.js
2019-02-02 20:23:23,596 INFO 70416 [egg-schedule]: register schedule /Users/wscart/Documents/sites/node/keplerApi/node_modules/egg-logrotator/app/schedule/clean_log.js
2019-02-02 20:23:23,596 INFO 70416 [egg-schedule]: register schedule /Users/wscart/Documents/sites/node/keplerApi/node_modules/egg-logrotator/app/schedule/rotate_by_file.js
2019-02-02 20:23:26,634 INFO 70426 [egg-schedule]: register schedule /Users/wscart/Documents/sites/node/keplerApi/node_modules/egg-logrotator/app/schedule/clean_log.js
2019-02-02 20:23:26,634 INFO 70426 [egg-schedule]: register schedule /Users/wscart/Documents/sites/node/keplerApi/node_modules/egg-logrotator/app/schedule/rotate_by_file.js
2019-02-02 20:23:39,296 INFO 70435 [egg-schedule]: register schedule /Users/wscart/Documents/sites/node/keplerApi/node_modules/egg-logrotator/app/schedule/clean_log.js
2019-02-02 20:23:39,297 INFO 70435 [egg-schedule]: register schedule /Users/wscart/Documents/sites/node/keplerApi/node_modules/egg-logrotator/app/schedule/rotate_by_file.js
2019-02-02 21:20:44,681 INFO 71222 [egg-schedule]: register schedule /Users/wscart/Documents/sites/node/keplerApi/node_modules/egg-logrotator/app/schedule/clean_log.js
2019-02-02 21:20:44,681 INFO 71222 [egg-schedule]: register schedule /Users/wscart/Documents/sites/node/keplerApi/node_modules/egg-logrotator/app/schedule/rotate_by_file.js
2019-02-02 21:21:17,533 INFO 71247 [egg-schedule]: register schedule /Users/wscart/Documents/sites/node/keplerApi/node_modules/egg-logrotator/app/schedule/clean_log.js
2019-02-02 21:21:17,533 INFO 71247 [egg-schedule]: register schedule /Users/wscart/Documents/sites/node/keplerApi/node_modules/egg-logrotator/app/schedule/rotate_by_file.js
2019-02-02 21:21:37,494 INFO 71344 [egg-schedule]: register schedule /Users/wscart/Documents/sites/node/keplerApi/node_modules/egg-logrotator/app/schedule/clean_log.js
2019-02-02 21:21:37,494 INFO 71344 [egg-schedule]: register schedule /Users/wscart/Documents/sites/node/keplerApi/node_modules/egg-logrotator/app/schedule/rotate_by_file.js
2019-02-02 21:21:38,111 INFO 71339 [Timer] /Users/wscart/Documents/sites/node/keplerApi/node_modules/egg-logrotator/app/schedule/clean_log.js next time will execute after 9501892ms at 2019-02-03 00:00:00.003
2019-02-02 21:21:38,111 INFO 71339 [Timer] /Users/wscart/Documents/sites/node/keplerApi/node_modules/egg-logrotator/app/schedule/rotate_by_file.js next time will execute after 9502889ms at 2019-02-03 00:00:01.000
